[31-May-2025 05:25:56 Europe/Berlin] PHP Warning:  include(Conexion.php): Failed to open stream: No such file or directory in C:\xampp\htdocs\Proyecto-EPS-Salud-Universal\controller\unidadController.php on line 10
[31-May-2025 05:25:56 Europe/Berlin] PHP Warning:  include(): Failed opening 'Conexion.php' for inclusion (include_path='C:\xampp\php\PEAR') in C:\xampp\htdocs\Proyecto-EPS-Salud-Universal\controller\unidadController.php on line 10
[31-May-2025 05:25:56 Europe/Berlin] PHP Fatal error:  Uncaught Error: Class "Conexion" not found in C:\xampp\htdocs\Proyecto-EPS-Salud-Universal\controller\unidadController.php:13
Stack trace:
#0 {main}
  thrown in C:\xampp\htdocs\Proyecto-EPS-Salud-Universal\controller\unidadController.php on line 13
[31-May-2025 05:28:24 Europe/Berlin] PHP Warning:  include(Conexion.php): Failed to open stream: No such file or directory in C:\xampp\htdocs\Proyecto-EPS-Salud-Universal\controller\unidadController.php on line 10
[31-May-2025 05:28:24 Europe/Berlin] PHP Warning:  include(): Failed opening 'Conexion.php' for inclusion (include_path='C:\xampp\php\PEAR') in C:\xampp\htdocs\Proyecto-EPS-Salud-Universal\controller\unidadController.php on line 10
[31-May-2025 05:28:24 Europe/Berlin] PHP Fatal error:  Uncaught Error: Class "Conexion" not found in C:\xampp\htdocs\Proyecto-EPS-Salud-Universal\controller\unidadController.php:13
Stack trace:
#0 {main}
  thrown in C:\xampp\htdocs\Proyecto-EPS-Salud-Universal\controller\unidadController.php on line 13
[31-May-2025 05:36:32 Europe/Berlin] PHP Warning:  include(Conexion.php): Failed to open stream: No such file or directory in C:\xampp\htdocs\Proyecto-EPS-Salud-Universal\controller\unidadController.php on line 10
[31-May-2025 05:36:32 Europe/Berlin] PHP Warning:  include(): Failed opening 'Conexion.php' for inclusion (include_path='C:\xampp\php\PEAR') in C:\xampp\htdocs\Proyecto-EPS-Salud-Universal\controller\unidadController.php on line 10
[31-May-2025 05:36:32 Europe/Berlin] PHP Fatal error:  Uncaught Error: Class "Conexion" not found in C:\xampp\htdocs\Proyecto-EPS-Salud-Universal\controller\unidadController.php:14
Stack trace:
#0 {main}
  thrown in C:\xampp\htdocs\Proyecto-EPS-Salud-Universal\controller\unidadController.php on line 14
[31-May-2025 05:42:08 Europe/Berlin] PHP Warning:  include(Conexion.php): Failed to open stream: No such file or directory in C:\xampp\htdocs\Proyecto-EPS-Salud-Universal\controller\unidadController.php on line 10
[31-May-2025 05:42:08 Europe/Berlin] PHP Warning:  include(): Failed opening 'Conexion.php' for inclusion (include_path='C:\xampp\php\PEAR') in C:\xampp\htdocs\Proyecto-EPS-Salud-Universal\controller\unidadController.php on line 10
[31-May-2025 05:42:08 Europe/Berlin] PHP Fatal error:  Uncaught Error: Class "Conexion" not found in C:\xampp\htdocs\Proyecto-EPS-Salud-Universal\controller\unidadController.php:14
Stack trace:
#0 {main}
  thrown in C:\xampp\htdocs\Proyecto-EPS-Salud-Universal\controller\unidadController.php on line 14
[31-May-2025 05:42:08 Europe/Berlin] PHP Warning:  include(Conexion.php): Failed to open stream: No such file or directory in C:\xampp\htdocs\Proyecto-EPS-Salud-Universal\controller\unidadController.php on line 10
[31-May-2025 05:42:08 Europe/Berlin] PHP Warning:  include(): Failed opening 'Conexion.php' for inclusion (include_path='C:\xampp\php\PEAR') in C:\xampp\htdocs\Proyecto-EPS-Salud-Universal\controller\unidadController.php on line 10
[31-May-2025 05:42:08 Europe/Berlin] PHP Fatal error:  Uncaught Error: Class "Conexion" not found in C:\xampp\htdocs\Proyecto-EPS-Salud-Universal\controller\unidadController.php:14
Stack trace:
#0 {main}
  thrown in C:\xampp\htdocs\Proyecto-EPS-Salud-Universal\controller\unidadController.php on line 14
[31-May-2025 05:42:11 Europe/Berlin] PHP Warning:  include(Conexion.php): Failed to open stream: No such file or directory in C:\xampp\htdocs\Proyecto-EPS-Salud-Universal\controller\unidadController.php on line 10
[31-May-2025 05:42:11 Europe/Berlin] PHP Warning:  include(): Failed opening 'Conexion.php' for inclusion (include_path='C:\xampp\php\PEAR') in C:\xampp\htdocs\Proyecto-EPS-Salud-Universal\controller\unidadController.php on line 10
[31-May-2025 05:42:11 Europe/Berlin] PHP Fatal error:  Uncaught Error: Class "Conexion" not found in C:\xampp\htdocs\Proyecto-EPS-Salud-Universal\controller\unidadController.php:14
Stack trace:
#0 {main}
  thrown in C:\xampp\htdocs\Proyecto-EPS-Salud-Universal\controller\unidadController.php on line 14
[31-May-2025 05:43:22 Europe/Berlin] PHP Warning:  include(Conexion.php): Failed to open stream: No such file or directory in C:\xampp\htdocs\Proyecto-EPS-Salud-Universal\controller\unidadController.php on line 10
[31-May-2025 05:43:22 Europe/Berlin] PHP Warning:  include(): Failed opening 'Conexion.php' for inclusion (include_path='C:\xampp\php\PEAR') in C:\xampp\htdocs\Proyecto-EPS-Salud-Universal\controller\unidadController.php on line 10
[31-May-2025 05:43:22 Europe/Berlin] PHP Fatal error:  Uncaught Error: Class "Conexion" not found in C:\xampp\htdocs\Proyecto-EPS-Salud-Universal\controller\unidadController.php:14
Stack trace:
#0 {main}
  thrown in C:\xampp\htdocs\Proyecto-EPS-Salud-Universal\controller\unidadController.php on line 14
